********************************************************************************
DUPLICATOR-LITE PACKAGE-LOG: 23 July 2018 13 h 50 min
NOTICE: Do NOT post to public sites or forums 
********************************************************************************
VERSION:	1.2.40
WORDPRESS:	4.9.7
PHP INFO:	7.2.4 | SAPI: apache2handler
SERVER:		Apache/2.4.33 (Win32) OpenSSL/1.1.0g PHP/7.2.4 
PHP TIME LIMIT: (0) no time limit imposed 
PHP MAX MEMORY: 2048M (128M default) 
MEMORY STACK: 4MB 

********************************************************************************
DATABASE:
********************************************************************************
BUILD MODE:   MYSQLDUMP
MYSQLTIMEOUT: 5000
MYSQLDUMP:    Is Supported 
FILTERED: [] 
RESPONSE: Ran from C:/xampp/mysql/bin/mysqldump.exe 
TABLES: total:13 | filtered:0 | create:13 
SQL CREATED: 20180723_allurepeinture_2878694acdb4e7353153180723135045_database.sql 
SQL FILE SIZE: 803.13KB (822403) 
SQL FILE TIME: 2018-07-23 13:50:55 
SQL RUNTIME: 1.11 sec. 

******************************************************************************** 
ARCHIVE (ZIP): 
******************************************************************************** 
ARCHIVE DIR:  C:/xampp/htdocs/Allurepeinture 
ARCHIVE FILE: 20180723_allurepeinture_2878694acdb4e7353153180723135045_archive.zip 
FILTERS: *OFF* 
DIRS:
	not set 
FILES:
	not set 
EXTS:  not set 
---------------------------------------- 
COMPRESSING 
SIZE:	106.2MB 
STATS:	Dirs 233 | Files 3,279 
SQL ADDED: 20180723_allurepeinture_2878694acdb4e7353153180723135045_database.sql 
ZipArchive Object
(
    [status] => 0
    [statusSys] => 0
    [numFiles] => 3512
    [filename] => C:\xampp\htdocs\Allurepeinture\wp-snapshots\tmp\20180723_allurepeinture_2878694acdb4e7353153180723135045_archive.zip
    [comment] => 
)
 
COMPRESSION RESULT: '1' 
COMPRESSED SIZE: 77.94MB 
ARCHIVE RUNTIME: 34.78 sec. 
MEMORY STACK: 4MB 

******************************************************************************** 
MAKE INSTALLER: 
******************************************************************************** 
Build Start 
Build Finished 
Preping for use 
PACK SIZE:  
Template parsed with new data 
Complete [C:/xampp/htdocs/Allurepeinture/wp-snapshots/tmp/20180723_allurepeinture_2878694acdb4e7353153180723135045_installer.php] 
Added to archive 

******************************************************************************** 
INTEGRITY CHECKS: 
******************************************************************************** 
SQL File: 803.13KB 
Installer File: 445.9KB 
Archive File: 77.94MB  

********************************************************************************
RECORD ID:[1]
TOTAL PROCESS RUNTIME: 37.07 sec.
PEAK PHP MEMORY USED: 6MB
DONE PROCESSING => 20180723_allurepeinture 23 July 2018 13 h 51 min
 
